[ 2018-07-15T18:33:42+08:00 ] ::1 /qyk/index.php/Admin
INFO: [ app_init ] --START--
INFO: Run Behavior\BuildLiteBehavior [ RunTime:0.000027s ]
INFO: [ app_init ] --END-- [ RunTime:0.000153s ]
ERR: 无法加载模块:Admin

[ 2018-07-15T18:35:47+08:00 ] ::1 /qyk/index.php/css/nprogress.css
INFO: [ app_init ] --START--
INFO: Run Behavior\BuildLiteBehavior [ RunTime:0.000030s ]
INFO: [ app_init ] --END-- [ RunTime:0.000619s ]
ERR: 无法加载模块:Css

[ 2018-07-15T18:35:48+08:00 ] ::1 /qyk/index.php/plugins/echarts/echarts-all-3.js?_=1531650947638
INFO: [ app_init ] --START--
INFO: Run Behavior\BuildLiteBehavior [ RunTime:0.000028s ]
INFO: [ app_init ] --END-- [ RunTime:0.000452s ]
ERR: 无法加载模块:Plugins

[ 2018-07-15T18:36:32+08:00 ] ::1 /qyk/index.php/css/nprogress.css
INFO: [ app_init ] --START--
INFO: Run Behavior\BuildLiteBehavior [ RunTime:0.000033s ]
INFO: [ app_init ] --END-- [ RunTime:0.000841s ]
ERR: 无法加载模块:Css

[ 2018-07-15T18:36:33+08:00 ] ::1 /qyk/index.php/plugins/echarts/echarts-all-3.js?_=1531650992771
INFO: [ app_init ] --START--
INFO: Run Behavior\BuildLiteBehavior [ RunTime:0.000041s ]
INFO: [ app_init ] --END-- [ RunTime:0.000580s ]
ERR: 无法加载模块:Plugins

[ 2018-07-15T18:37:12+08:00 ] ::1 /qyk/index.php/css/nprogress.css
INFO: [ app_init ] --START--
INFO: Run Behavior\BuildLiteBehavior [ RunTime:0.000052s ]
INFO: [ app_init ] --END-- [ RunTime:0.000862s ]
ERR: 无法加载模块:Css

[ 2018-07-15T18:37:12+08:00 ] ::1 /qyk/index.php/plugins/echarts/echarts-all-3.js?_=1531651032142
INFO: [ app_init ] --START--
INFO: Run Behavior\BuildLiteBehavior [ RunTime:0.000024s ]
INFO: [ app_init ] --END-- [ RunTime:0.000370s ]
ERR: 无法加载模块:Plugins

[ 2018-07-15T18:37:19+08:00 ] ::1 /qyk/index.php/css/nprogress.css
INFO: [ app_init ] --START--
INFO: Run Behavior\BuildLiteBehavior [ RunTime:0.000050s ]
INFO: [ app_init ] --END-- [ RunTime:0.000840s ]
ERR: 无法加载模块:Css

[ 2018-07-15T18:38:26+08:00 ] ::1 /qyk/index.php/css/nprogress.css
INFO: [ app_init ] --START--
INFO: Run Behavior\BuildLiteBehavior [ RunTime:0.000052s ]
INFO: [ app_init ] --END-- [ RunTime:0.000897s ]
ERR: 无法加载模块:Css

[ 2018-07-15T18:38:26+08:00 ] ::1 /qyk/index.php/plugins/echarts/echarts-all-3.js?_=1531651106230
INFO: [ app_init ] --START--
INFO: Run Behavior\BuildLiteBehavior [ RunTime:0.000042s ]
INFO: [ app_init ] --END-- [ RunTime:0.000530s ]
ERR: 无法加载模块:Plugins

[ 2018-07-15T18:38:58+08:00 ] ::1 /qyk/index.php/css/nprogress.css
INFO: [ app_init ] --START--
INFO: Run Behavior\BuildLiteBehavior [ RunTime:0.000047s ]
INFO: [ app_init ] --END-- [ RunTime:0.000739s ]
ERR: 无法加载模块:Css

[ 2018-07-15T18:38:58+08:00 ] ::1 /qyk/index.php/plugins/echarts/echarts-all-3.js?_=1531651138306
INFO: [ app_init ] --START--
INFO: Run Behavior\BuildLiteBehavior [ RunTime:0.000026s ]
INFO: [ app_init ] --END-- [ RunTime:0.000383s ]
ERR: 无法加载模块:Plugins

[ 2018-07-15T18:39:01+08:00 ] ::1 /qyk/index.php/css/nprogress.css
INFO: [ app_init ] --START--
INFO: Run Behavior\BuildLiteBehavior [ RunTime:0.000049s ]
INFO: [ app_init ] --END-- [ RunTime:0.000767s ]
ERR: 无法加载模块:Css

[ 2018-07-15T18:39:01+08:00 ] ::1 /qyk/index.php/plugins/echarts/echarts-all-3.js?_=1531651141231
INFO: [ app_init ] --START--
INFO: Run Behavior\BuildLiteBehavior [ RunTime:0.000024s ]
INFO: [ app_init ] --END-- [ RunTime:0.000381s ]
ERR: 无法加载模块:Plugins

[ 2018-07-15T18:39:12+08:00 ] ::1 /qyk/index.php/css/nprogress.css
INFO: [ app_init ] --START--
INFO: Run Behavior\BuildLiteBehavior [ RunTime:0.000051s ]
INFO: [ app_init ] --END-- [ RunTime:0.000801s ]
ERR: 无法加载模块:Css

[ 2018-07-15T18:39:12+08:00 ] ::1 /qyk/index.php/plugins/echarts/echarts-all-3.js?_=1531651152126
INFO: [ app_init ] --START--
INFO: Run Behavior\BuildLiteBehavior [ RunTime:0.000048s ]
INFO: [ app_init ] --END-- [ RunTime:0.000412s ]
ERR: 无法加载模块:Plugins

[ 2018-07-15T18:41:49+08:00 ] ::1 /qyk/index.php/css/nprogress.css
INFO: [ app_init ] --START--
INFO: Run Behavior\BuildLiteBehavior [ RunTime:0.000044s ]
INFO: [ app_init ] --END-- [ RunTime:0.000592s ]
ERR: 无法加载模块:Css

[ 2018-07-15T18:41:50+08:00 ] ::1 /qyk/index.php/plugins/echarts/echarts-all-3.js?_=1531651309727
INFO: [ app_init ] --START--
INFO: Run Behavior\BuildLiteBehavior [ RunTime:0.000036s ]
INFO: [ app_init ] --END-- [ RunTime:0.000417s ]
ERR: 无法加载模块:Plugins

[ 2018-07-15T18:41:52+08:00 ] ::1 /qyk/index.php/css/nprogress.css
INFO: [ app_init ] --START--
INFO: Run Behavior\BuildLiteBehavior [ RunTime:0.000048s ]
INFO: [ app_init ] --END-- [ RunTime:0.000744s ]
ERR: 无法加载模块:Css

[ 2018-07-15T18:42:15+08:00 ] ::1 /qyk/index.php/css/nprogress.css
INFO: [ app_init ] --START--
INFO: Run Behavior\BuildLiteBehavior [ RunTime:0.000049s ]
INFO: [ app_init ] --END-- [ RunTime:0.000745s ]
ERR: 无法加载模块:Css

[ 2018-07-15T18:42:15+08:00 ] ::1 /qyk/index.php/plugins/echarts/echarts-all-3.js?_=1531651335382
INFO: [ app_init ] --START--
INFO: Run Behavior\BuildLiteBehavior [ RunTime:0.000026s ]
INFO: [ app_init ] --END-- [ RunTime:0.000382s ]
ERR: 无法加载模块:Plugins

[ 2018-07-15T18:42:37+08:00 ] ::1 /qyk/index.php/css/nprogress.css
INFO: [ app_init ] --START--
INFO: Run Behavior\BuildLiteBehavior [ RunTime:0.000041s ]
INFO: [ app_init ] --END-- [ RunTime:0.000749s ]
ERR: 无法加载模块:Css

[ 2018-07-15T18:42:38+08:00 ] ::1 /qyk/index.php/plugins/echarts/echarts-all-3.js?_=1531651357677
INFO: [ app_init ] --START--
INFO: Run Behavior\BuildLiteBehavior [ RunTime:0.000037s ]
INFO: [ app_init ] --END-- [ RunTime:0.000381s ]
ERR: 无法加载模块:Plugins

[ 2018-07-15T18:43:11+08:00 ] ::1 /qyk/index.php/css/nprogress.css
INFO: [ app_init ] --START--
INFO: Run Behavior\BuildLiteBehavior [ RunTime:0.000031s ]
INFO: [ app_init ] --END-- [ RunTime:0.000674s ]
ERR: 无法加载模块:Css

[ 2018-07-15T18:43:11+08:00 ] ::1 /qyk/index.php/plugins/echarts/echarts-all-3.js?_=1531651391629
INFO: [ app_init ] --START--
INFO: Run Behavior\BuildLiteBehavior [ RunTime:0.000025s ]
INFO: [ app_init ] --END-- [ RunTime:0.000368s ]
ERR: 无法加载模块:Plugins

[ 2018-07-15T18:43:47+08:00 ] ::1 /qyk/index.php/css/nprogress.css
INFO: [ app_init ] --START--
INFO: Run Behavior\BuildLiteBehavior [ RunTime:0.000041s ]
INFO: [ app_init ] --END-- [ RunTime:0.000650s ]
ERR: 无法加载模块:Css

[ 2018-07-15T18:43:47+08:00 ] ::1 /qyk/index.php/plugins/echarts/echarts-all-3.js?_=1531651426785
INFO: [ app_init ] --START--
INFO: Run Behavior\BuildLiteBehavior [ RunTime:0.000024s ]
INFO: [ app_init ] --END-- [ RunTime:0.000393s ]
ERR: 无法加载模块:Plugins

[ 2018-07-15T18:44:03+08:00 ] ::1 /qyk/index.php/css/nprogress.css
INFO: [ app_init ] --START--
INFO: Run Behavior\BuildLiteBehavior [ RunTime:0.000041s ]
INFO: [ app_init ] --END-- [ RunTime:0.000621s ]
ERR: 无法加载模块:Css

[ 2018-07-15T18:44:03+08:00 ] ::1 /qyk/index.php/plugins/echarts/echarts-all-3.js?_=1531651442746
INFO: [ app_init ] --START--
INFO: Run Behavior\BuildLiteBehavior [ RunTime:0.000025s ]
INFO: [ app_init ] --END-- [ RunTime:0.000370s ]
ERR: 无法加载模块:Plugins

[ 2018-07-15T18:44:33+08:00 ] ::1 /qyk/index.php/css/nprogress.css
INFO: [ app_init ] --START--
INFO: Run Behavior\BuildLiteBehavior [ RunTime:0.000040s ]
INFO: [ app_init ] --END-- [ RunTime:0.000701s ]
ERR: 无法加载模块:Css

[ 2018-07-15T18:44:33+08:00 ] ::1 /qyk/index.php/plugins/echarts/echarts-all-3.js?_=1531651473477
INFO: [ app_init ] --START--
INFO: Run Behavior\BuildLiteBehavior [ RunTime:0.000026s ]
INFO: [ app_init ] --END-- [ RunTime:0.000655s ]
ERR: 无法加载模块:Plugins

[ 2018-07-15T18:45:30+08:00 ] ::1 /qyk/index.php/css/nprogress.css
INFO: [ app_init ] --START--
INFO: Run Behavior\BuildLiteBehavior [ RunTime:0.000048s ]
INFO: [ app_init ] --END-- [ RunTime:0.000748s ]
ERR: 无法加载模块:Css

[ 2018-07-15T18:45:30+08:00 ] ::1 /qyk/index.php/plugins/echarts/echarts-all-3.js?_=1531651530142
INFO: [ app_init ] --START--
INFO: Run Behavior\BuildLiteBehavior [ RunTime:0.000024s ]
INFO: [ app_init ] --END-- [ RunTime:0.000358s ]
ERR: 无法加载模块:Plugins

[ 2018-07-15T18:46:23+08:00 ] ::1 /qyk/index.php/css/nprogress.css
INFO: [ app_init ] --START--
INFO: Run Behavior\BuildLiteBehavior [ RunTime:0.000031s ]
INFO: [ app_init ] --END-- [ RunTime:0.000494s ]
ERR: 无法加载模块:Css

[ 2018-07-15T18:46:23+08:00 ] ::1 /qyk/index.php/plugins/echarts/echarts-all-3.js?_=1531651582834
INFO: [ app_init ] --START--
INFO: Run Behavior\BuildLiteBehavior [ RunTime:0.000023s ]
INFO: [ app_init ] --END-- [ RunTime:0.000369s ]
ERR: 无法加载模块:Plugins

[ 2018-07-15T18:47:08+08:00 ] ::1 /qyk/index.php/css/nprogress.css
INFO: [ app_init ] --START--
INFO: Run Behavior\BuildLiteBehavior [ RunTime:0.000152s ]
INFO: [ app_init ] --END-- [ RunTime:0.003153s ]
ERR: 无法加载模块:Css

[ 2018-07-15T18:48:38+08:00 ] ::1 /qyk/index.php/css/nprogress.css
INFO: [ app_init ] --START--
INFO: Run Behavior\BuildLiteBehavior [ RunTime:0.000056s ]
INFO: [ app_init ] --END-- [ RunTime:0.000611s ]
ERR: 无法加载模块:Css

[ 2018-07-15T18:48:38+08:00 ] ::1 /qyk/index.php/plugins/echarts/echarts-all-3.js?_=1531651717834
INFO: [ app_init ] --START--
INFO: Run Behavior\BuildLiteBehavior [ RunTime:0.000028s ]
INFO: [ app_init ] --END-- [ RunTime:0.000444s ]
ERR: 无法加载模块:Plugins

[ 2018-07-15T18:48:53+08:00 ] ::1 /qyk/index.php/css/nprogress.css
INFO: [ app_init ] --START--
INFO: Run Behavior\BuildLiteBehavior [ RunTime:0.000052s ]
INFO: [ app_init ] --END-- [ RunTime:0.000656s ]
ERR: 无法加载模块:Css

[ 2018-07-15T18:48:53+08:00 ] ::1 /qyk/index.php/plugins/echarts/echarts-all-3.js?_=1531651733438
INFO: [ app_init ] --START--
INFO: Run Behavior\BuildLiteBehavior [ RunTime:0.000024s ]
INFO: [ app_init ] --END-- [ RunTime:0.000360s ]
ERR: 无法加载模块:Plugins

[ 2018-07-15T18:52:43+08:00 ] ::1 /qyk/index.php/css/nprogress.css
INFO: [ app_init ] --START--
INFO: Run Behavior\BuildLiteBehavior [ RunTime:0.000030s ]
INFO: [ app_init ] --END-- [ RunTime:0.000615s ]
ERR: 无法加载模块:Css

[ 2018-07-15T18:52:43+08:00 ] ::1 /qyk/index.php/plugins/echarts/echarts-all-3.js?_=1531651963405
INFO: [ app_init ] --START--
INFO: Run Behavior\BuildLiteBehavior [ RunTime:0.000024s ]
INFO: [ app_init ] --END-- [ RunTime:0.000369s ]
ERR: 无法加载模块:Plugins

[ 2018-07-15T18:53:10+08:00 ] ::1 /qyk/index.php/css/nprogress.css
INFO: [ app_init ] --START--
INFO: Run Behavior\BuildLiteBehavior [ RunTime:0.000040s ]
INFO: [ app_init ] --END-- [ RunTime:0.000550s ]
ERR: 无法加载模块:Css

[ 2018-07-15T18:53:10+08:00 ] ::1 /qyk/index.php/plugins/echarts/echarts-all-3.js?_=1531651990105
INFO: [ app_init ] --START--
INFO: Run Behavior\BuildLiteBehavior [ RunTime:0.000023s ]
INFO: [ app_init ] --END-- [ RunTime:0.000356s ]
ERR: 无法加载模块:Plugins

[ 2018-07-15T18:54:24+08:00 ] ::1 /qyk/index.php/css/nprogress.css
INFO: [ app_init ] --START--
INFO: Run Behavior\BuildLiteBehavior [ RunTime:0.000037s ]
INFO: [ app_init ] --END-- [ RunTime:0.000537s ]
ERR: 无法加载模块:Css

[ 2018-07-15T18:54:24+08:00 ] ::1 /qyk/index.php/plugins/echarts/echarts-all-3.js?_=1531652064288
INFO: [ app_init ] --START--
INFO: Run Behavior\BuildLiteBehavior [ RunTime:0.000025s ]
INFO: [ app_init ] --END-- [ RunTime:0.000423s ]
ERR: 无法加载模块:Plugins

[ 2018-07-15T18:54:42+08:00 ] ::1 /qyk/index.php/css/nprogress.css
INFO: [ app_init ] --START--
INFO: Run Behavior\BuildLiteBehavior [ RunTime:0.000044s ]
INFO: [ app_init ] --END-- [ RunTime:0.000529s ]
ERR: 无法加载模块:Css

[ 2018-07-15T18:54:42+08:00 ] ::1 /qyk/index.php/plugins/echarts/echarts-all-3.js?_=1531652082308
INFO: [ app_init ] --START--
INFO: Run Behavior\BuildLiteBehavior [ RunTime:0.000024s ]
INFO: [ app_init ] --END-- [ RunTime:0.000356s ]
ERR: 无法加载模块:Plugins

[ 2018-07-15T18:55:26+08:00 ] ::1 /qyk/index.php/css/nprogress.css
INFO: [ app_init ] --START--
INFO: Run Behavior\BuildLiteBehavior [ RunTime:0.000029s ]
INFO: [ app_init ] --END-- [ RunTime:0.000571s ]
ERR: 无法加载模块:Css

[ 2018-07-15T18:55:27+08:00 ] ::1 /qyk/index.php/plugins/echarts/echarts-all-3.js?_=1531652126906
INFO: [ app_init ] --START--
INFO: Run Behavior\BuildLiteBehavior [ RunTime:0.000027s ]
INFO: [ app_init ] --END-- [ RunTime:0.000401s ]
ERR: 无法加载模块:Plugins

[ 2018-07-15T18:55:28+08:00 ] ::1 /qyk/index.php/css/nprogress.css
INFO: [ app_init ] --START--
INFO: Run Behavior\BuildLiteBehavior [ RunTime:0.000045s ]
INFO: [ app_init ] --END-- [ RunTime:0.000623s ]
ERR: 无法加载模块:Css

[ 2018-07-15T18:55:28+08:00 ] ::1 /qyk/index.php/plugins/echarts/echarts-all-3.js?_=1531652128509
INFO: [ app_init ] --START--
INFO: Run Behavior\BuildLiteBehavior [ RunTime:0.000025s ]
INFO: [ app_init ] --END-- [ RunTime:0.000388s ]
ERR: 无法加载模块:Plugins

[ 2018-07-15T18:55:44+08:00 ] ::1 /qyk/index.php/css/nprogress.css
INFO: [ app_init ] --START--
INFO: Run Behavior\BuildLiteBehavior [ RunTime:0.000030s ]
INFO: [ app_init ] --END-- [ RunTime:0.000552s ]
ERR: 无法加载模块:Css

[ 2018-07-15T18:55:44+08:00 ] ::1 /qyk/index.php/plugins/echarts/echarts-all-3.js?_=1531652144388
INFO: [ app_init ] --START--
INFO: Run Behavior\BuildLiteBehavior [ RunTime:0.000026s ]
INFO: [ app_init ] --END-- [ RunTime:0.000379s ]
ERR: 无法加载模块:Plugins

[ 2018-07-15T18:57:47+08:00 ] ::1 /qyk/index.php/css/nprogress.css
INFO: [ app_init ] --START--
INFO: Run Behavior\BuildLiteBehavior [ RunTime:0.000047s ]
INFO: [ app_init ] --END-- [ RunTime:0.000952s ]
ERR: 无法加载模块:Css

[ 2018-07-15T18:57:47+08:00 ] ::1 /qyk/index.php/plugins/echarts/echarts-all-3.js?_=1531652267138
INFO: [ app_init ] --START--
INFO: Run Behavior\BuildLiteBehavior [ RunTime:0.000023s ]
INFO: [ app_init ] --END-- [ RunTime:0.000371s ]
ERR: 无法加载模块:Plugins

[ 2018-07-15T18:58:07+08:00 ] ::1 /qyk/index.php/css/nprogress.css
INFO: [ app_init ] --START--
INFO: Run Behavior\BuildLiteBehavior [ RunTime:0.000045s ]
INFO: [ app_init ] --END-- [ RunTime:0.000618s ]
ERR: 无法加载模块:Css

[ 2018-07-15T18:58:07+08:00 ] ::1 /qyk/index.php/plugins/echarts/echarts-all-3.js?_=1531652287492
INFO: [ app_init ] --START--
INFO: Run Behavior\BuildLiteBehavior [ RunTime:0.000023s ]
INFO: [ app_init ] --END-- [ RunTime:0.000363s ]
ERR: 无法加载模块:Plugins

[ 2018-07-15T19:01:56+08:00 ] ::1 /qyk/index.php/css/nprogress.css
INFO: [ app_init ] --START--
INFO: Run Behavior\BuildLiteBehavior [ RunTime:0.000029s ]
INFO: [ app_init ] --END-- [ RunTime:0.000461s ]
ERR: 无法加载模块:Css

[ 2018-07-15T19:01:56+08:00 ] ::1 /qyk/index.php/plugins/echarts/echarts-all-3.js?_=1531652515796
INFO: [ app_init ] --START--
INFO: Run Behavior\BuildLiteBehavior [ RunTime:0.000022s ]
INFO: [ app_init ] --END-- [ RunTime:0.000368s ]
ERR: 无法加载模块:Plugins

[ 2018-07-15T19:01:59+08:00 ] ::1 /qyk/index.php/css/nprogress.css
INFO: [ app_init ] --START--
INFO: Run Behavior\BuildLiteBehavior [ RunTime:0.000049s ]
INFO: [ app_init ] --END-- [ RunTime:0.000776s ]
ERR: 无法加载模块:Css

[ 2018-07-15T19:02:53+08:00 ] ::1 /qyk/index.php/css/nprogress.css
INFO: [ app_init ] --START--
INFO: Run Behavior\BuildLiteBehavior [ RunTime:0.000029s ]
INFO: [ app_init ] --END-- [ RunTime:0.000611s ]
ERR: 无法加载模块:Css

[ 2018-07-15T19:02:53+08:00 ] ::1 /qyk/index.php/plugins/echarts/echarts-all-3.js?_=1531652573302
INFO: [ app_init ] --START--
INFO: Run Behavior\BuildLiteBehavior [ RunTime:0.000024s ]
INFO: [ app_init ] --END-- [ RunTime:0.000359s ]
ERR: 无法加载模块:Plugins

[ 2018-07-15T19:03:20+08:00 ] ::1 /qyk/index.php/css/nprogress.css
INFO: [ app_init ] --START--
INFO: Run Behavior\BuildLiteBehavior [ RunTime:0.000031s ]
INFO: [ app_init ] --END-- [ RunTime:0.000484s ]
ERR: 无法加载模块:Css

[ 2018-07-15T19:03:20+08:00 ] ::1 /qyk/index.php/plugins/echarts/echarts-all-3.js?_=1531652600278
INFO: [ app_init ] --START--
INFO: Run Behavior\BuildLiteBehavior [ RunTime:0.000041s ]
INFO: [ app_init ] --END-- [ RunTime:0.000591s ]
ERR: 无法加载模块:Plugins

[ 2018-07-15T19:03:23+08:00 ] ::1 /qyk/index.php/css/nprogress.css
INFO: [ app_init ] --START--
INFO: Run Behavior\BuildLiteBehavior [ RunTime:0.000045s ]
INFO: [ app_init ] --END-- [ RunTime:0.001399s ]
ERR: 无法加载模块:Css

[ 2018-07-15T19:04:08+08:00 ] ::1 /qyk/index.php/css/nprogress.css
INFO: [ app_init ] --START--
INFO: Run Behavior\BuildLiteBehavior [ RunTime:0.000029s ]
INFO: [ app_init ] --END-- [ RunTime:0.000620s ]
ERR: 无法加载模块:Css

[ 2018-07-15T19:04:08+08:00 ] ::1 /qyk/index.php/plugins/echarts/echarts-all-3.js?_=1531652647995
INFO: [ app_init ] --START--
INFO: Run Behavior\BuildLiteBehavior [ RunTime:0.000026s ]
INFO: [ app_init ] --END-- [ RunTime:0.000382s ]
ERR: 无法加载模块:Plugins

[ 2018-07-15T19:05:54+08:00 ] ::1 /qyk/index.php/css/nprogress.css
INFO: [ app_init ] --START--
INFO: Run Behavior\BuildLiteBehavior [ RunTime:0.000051s ]
INFO: [ app_init ] --END-- [ RunTime:0.001262s ]
ERR: 无法加载模块:Css

[ 2018-07-15T19:05:54+08:00 ] ::1 /qyk/index.php/plugins/echarts/echarts-all-3.js?_=1531652754725
INFO: [ app_init ] --START--
INFO: Run Behavior\BuildLiteBehavior [ RunTime:0.000030s ]
INFO: [ app_init ] --END-- [ RunTime:0.000393s ]
ERR: 无法加载模块:Plugins

[ 2018-07-15T19:21:44+08:00 ] ::1 /qyk/index.php/css/nprogress.css
INFO: [ app_init ] --START--
INFO: Run Behavior\BuildLiteBehavior [ RunTime:0.000035s ]
INFO: [ app_init ] --END-- [ RunTime:0.000642s ]
ERR: 无法加载模块:Css

[ 2018-07-15T19:21:44+08:00 ] ::1 /qyk/index.php/plugins/echarts/echarts-all-3.js?_=1531653704581
INFO: [ app_init ] --START--
INFO: Run Behavior\BuildLiteBehavior [ RunTime:0.000026s ]
INFO: [ app_init ] --END-- [ RunTime:0.000385s ]
ERR: 无法加载模块:Plugins

[ 2018-07-15T19:23:02+08:00 ] ::1 /qyk/index.php/css/nprogress.css
INFO: [ app_init ] --START--
INFO: Run Behavior\BuildLiteBehavior [ RunTime:0.000045s ]
INFO: [ app_init ] --END-- [ RunTime:0.000770s ]
ERR: 无法加载模块:Css

[ 2018-07-15T19:23:02+08:00 ] ::1 /qyk/index.php/plugins/echarts/echarts-all-3.js?_=1531653782589
INFO: [ app_init ] --START--
INFO: Run Behavior\BuildLiteBehavior [ RunTime:0.000026s ]
INFO: [ app_init ] --END-- [ RunTime:0.000372s ]
ERR: 无法加载模块:Plugins

[ 2018-07-15T19:23:05+08:00 ] ::1 /qyk/index.php/css/nprogress.css
INFO: [ app_init ] --START--
INFO: Run Behavior\BuildLiteBehavior [ RunTime:0.000027s ]
INFO: [ app_init ] --END-- [ RunTime:0.000448s ]
ERR: 无法加载模块:Css

[ 2018-07-15T19:23:05+08:00 ] ::1 /qyk/index.php/plugins/echarts/echarts-all-3.js?_=1531653784989
INFO: [ app_init ] --START--
INFO: Run Behavior\BuildLiteBehavior [ RunTime:0.000025s ]
INFO: [ app_init ] --END-- [ RunTime:0.000363s ]
ERR: 无法加载模块:Plugins

[ 2018-07-15T19:24:36+08:00 ] ::1 /qyk/index.php/login
INFO: [ app_init ] --START--
INFO: Run Behavior\BuildLiteBehavior [ RunTime:0.000026s ]
INFO: [ app_init ] --END-- [ RunTime:0.000417s ]
ERR: 无法加载模块:Login

[ 2018-07-15T19:24:49+08:00 ] ::1 /qyk/index.php/css/nprogress.css
INFO: [ app_init ] --START--
INFO: Run Behavior\BuildLiteBehavior [ RunTime:0.000041s ]
INFO: [ app_init ] --END-- [ RunTime:0.000621s ]
ERR: 无法加载模块:Css

[ 2018-07-15T19:24:49+08:00 ] ::1 /qyk/index.php/plugins/echarts/echarts-all-3.js?_=1531653889141
INFO: [ app_init ] --START--
INFO: Run Behavior\BuildLiteBehavior [ RunTime:0.000023s ]
INFO: [ app_init ] --END-- [ RunTime:0.000349s ]
ERR: 无法加载模块:Plugins

[ 2018-07-15T19:25:39+08:00 ] ::1 /qyk/index.php/Login
INFO: [ app_init ] --START--
INFO: Run Behavior\BuildLiteBehavior [ RunTime:0.000024s ]
INFO: [ app_init ] --END-- [ RunTime:0.000358s ]
ERR: 无法加载模块:Login

[ 2018-07-15T19:29:12+08:00 ] ::1 /qyk/index.php/css/nprogress.css
INFO: [ app_init ] --START--
INFO: Run Behavior\BuildLiteBehavior [ RunTime:0.000044s ]
INFO: [ app_init ] --END-- [ RunTime:0.000616s ]
ERR: 无法加载模块:Css

[ 2018-07-15T19:29:12+08:00 ] ::1 /qyk/index.php/plugins/echarts/echarts-all-3.js?_=1531654152280
INFO: [ app_init ] --START--
INFO: Run Behavior\BuildLiteBehavior [ RunTime:0.000022s ]
INFO: [ app_init ] --END-- [ RunTime:0.000350s ]
ERR: 无法加载模块:Plugins

[ 2018-07-15T19:29:36+08:00 ] ::1 /qyk/index.php/css/nprogress.css
INFO: [ app_init ] --START--
INFO: Run Behavior\BuildLiteBehavior [ RunTime:0.000047s ]
INFO: [ app_init ] --END-- [ RunTime:0.000775s ]
ERR: 无法加载模块:Css

[ 2018-07-15T19:29:36+08:00 ] ::1 /qyk/index.php/plugins/echarts/echarts-all-3.js?_=1531654176622
INFO: [ app_init ] --START--
INFO: Run Behavior\BuildLiteBehavior [ RunTime:0.000023s ]
INFO: [ app_init ] --END-- [ RunTime:0.000353s ]
ERR: 无法加载模块:Plugins

[ 2018-07-15T19:33:14+08:00 ] ::1 /qyk/index.php/css/nprogress.css
INFO: [ app_init ] --START--
INFO: Run Behavior\BuildLiteBehavior [ RunTime:0.000029s ]
INFO: [ app_init ] --END-- [ RunTime:0.000596s ]
ERR: 无法加载模块:Css

[ 2018-07-15T19:33:15+08:00 ] ::1 /qyk/index.php/plugins/echarts/echarts-all-3.js?_=1531654394918
INFO: [ app_init ] --START--
INFO: Run Behavior\BuildLiteBehavior [ RunTime:0.000023s ]
INFO: [ app_init ] --END-- [ RunTime:0.000366s ]
ERR: 无法加载模块:Plugins

[ 2018-07-15T19:33:16+08:00 ] ::1 /qyk/index.php/css/nprogress.css
INFO: [ app_init ] --START--
INFO: Run Behavior\BuildLiteBehavior [ RunTime:0.000029s ]
INFO: [ app_init ] --END-- [ RunTime:0.000566s ]
ERR: 无法加载模块:Css

[ 2018-07-15T19:33:17+08:00 ] ::1 /qyk/index.php/plugins/echarts/echarts-all-3.js?_=1531654396951
INFO: [ app_init ] --START--
INFO: Run Behavior\BuildLiteBehavior [ RunTime:0.000024s ]
INFO: [ app_init ] --END-- [ RunTime:0.000367s ]
ERR: 无法加载模块:Plugins

[ 2018-07-15T19:33:43+08:00 ] ::1 /qyk/index.php/Login/index
INFO: [ app_init ] --START--
INFO: Run Behavior\BuildLiteBehavior [ RunTime:0.000027s ]
INFO: [ app_init ] --END-- [ RunTime:0.000469s ]
ERR: 无法加载模块:Login

[ 2018-07-15T19:33:47+08:00 ] ::1 /qyk/index.php/Login/login
INFO: [ app_init ] --START--
INFO: Run Behavior\BuildLiteBehavior [ RunTime:0.000028s ]
INFO: [ app_init ] --END-- [ RunTime:0.000499s ]
ERR: 无法加载模块:Login

[ 2018-07-15T19:33:49+08:00 ] ::1 /qyk/index.php/Login/login
INFO: [ app_init ] --START--
INFO: Run Behavior\BuildLiteBehavior [ RunTime:0.000032s ]
INFO: [ app_init ] --END-- [ RunTime:0.001197s ]
ERR: 无法加载模块:Login

[ 2018-07-15T19:33:53+08:00 ] ::1 /qyk/index.php/css/nprogress.css
INFO: [ app_init ] --START--
INFO: Run Behavior\BuildLiteBehavior [ RunTime:0.000027s ]
INFO: [ app_init ] --END-- [ RunTime:0.000408s ]
ERR: 无法加载模块:Css

[ 2018-07-15T19:33:53+08:00 ] ::1 /qyk/index.php/plugins/echarts/echarts-all-3.js?_=1531654433372
INFO: [ app_init ] --START--
INFO: Run Behavior\BuildLiteBehavior [ RunTime:0.000025s ]
INFO: [ app_init ] --END-- [ RunTime:0.000380s ]
ERR: 无法加载模块:Plugins

[ 2018-07-15T19:39:13+08:00 ] ::1 /qyk/index.php/static/images/pics-2.png
INFO: [ app_init ] --START--
INFO: Run Behavior\BuildLiteBehavior [ RunTime:0.000042s ]
INFO: [ app_init ] --END-- [ RunTime:0.000602s ]
ERR: 无法加载模块:Static

[ 2018-07-15T19:39:13+08:00 ] ::1 /qyk/index.php/static/css/login.css
INFO: [ app_init ] --START--
INFO: Run Behavior\BuildLiteBehavior [ RunTime:0.000050s ]
INFO: [ app_init ] --END-- [ RunTime:0.000856s ]
ERR: 无法加载模块:Static

[ 2018-07-15T19:39:13+08:00 ] ::1 /qyk/index.php/static/images/pics-1.png
INFO: [ app_init ] --START--
INFO: Run Behavior\BuildLiteBehavior [ RunTime:0.000041s ]
INFO: [ app_init ] --END-- [ RunTime:0.000554s ]
ERR: 无法加载模块:Static

[ 2018-07-15T19:39:13+08:00 ] ::1 /qyk/index.php/static/plugins/layui/css/layui.css
INFO: [ app_init ] --START--
INFO: Run Behavior\BuildLiteBehavior [ RunTime:0.000046s ]
INFO: [ app_init ] --END-- [ RunTime:0.000717s ]
ERR: 无法加载模块:Static

[ 2018-07-15T19:39:13+08:00 ] ::1 /qyk/index.php/static/images/pics-3.png
INFO: [ app_init ] --START--
INFO: Run Behavior\BuildLiteBehavior [ RunTime:0.000065s ]
INFO: [ app_init ] --END-- [ RunTime:0.000642s ]
ERR: 无法加载模块:Static

[ 2018-07-15T19:39:13+08:00 ] ::1 /qyk/index.php/static/plugins/layui/layui.js
INFO: [ app_init ] --START--
INFO: Run Behavior\BuildLiteBehavior [ RunTime:0.000086s ]
INFO: [ app_init ] --END-- [ RunTime:0.021850s ]
ERR: 无法加载模块:Static

[ 2018-07-15T19:39:13+08:00 ] ::1 /qyk/index.php/static/images/username.png
INFO: [ app_init ] --START--
INFO: Run Behavior\BuildLiteBehavior [ RunTime:0.000041s ]
INFO: [ app_init ] --END-- [ RunTime:0.000595s ]
ERR: 无法加载模块:Static

[ 2018-07-15T19:39:13+08:00 ] ::1 /qyk/index.php/static/images/password.png
INFO: [ app_init ] --START--
INFO: Run Behavior\BuildLiteBehavior [ RunTime:0.000043s ]
INFO: [ app_init ] --END-- [ RunTime:0.000585s ]
ERR: 无法加载模块:Static

[ 2018-07-15T19:39:13+08:00 ] ::1 /qyk/index.php/static/js/login.js
INFO: [ app_init ] --START--
INFO: Run Behavior\BuildLiteBehavior [ RunTime:0.000047s ]
INFO: [ app_init ] --END-- [ RunTime:0.000792s ]
ERR: 无法加载模块:Static

[ 2018-07-15T19:39:13+08:00 ] ::1 /qyk/index.php/static/images/favicon.ico
INFO: [ app_init ] --START--
INFO: Run Behavior\BuildLiteBehavior [ RunTime:0.000025s ]
INFO: [ app_init ] --END-- [ RunTime:0.000391s ]
ERR: 无法加载模块:Static

[ 2018-07-15T19:39:22+08:00 ] ::1 /qyk/index.php/static/css/login.css
INFO: [ app_init ] --START--
INFO: Run Behavior\BuildLiteBehavior [ RunTime:0.000047s ]
INFO: [ app_init ] --END-- [ RunTime:0.000604s ]
ERR: 无法加载模块:Static

[ 2018-07-15T19:39:22+08:00 ] ::1 /qyk/index.php/static/images/pics-1.png
INFO: [ app_init ] --START--
INFO: Run Behavior\BuildLiteBehavior [ RunTime:0.000044s ]
INFO: [ app_init ] --END-- [ RunTime:0.000595s ]
ERR: 无法加载模块:Static

[ 2018-07-15T19:39:22+08:00 ] ::1 /qyk/index.php/static/images/pics-2.png
INFO: [ app_init ] --START--
INFO: Run Behavior\BuildLiteBehavior [ RunTime:0.000048s ]
INFO: [ app_init ] --END-- [ RunTime:0.000599s ]
ERR: 无法加载模块:Static

[ 2018-07-15T19:39:22+08:00 ] ::1 /qyk/index.php/static/plugins/layui/layui.js
INFO: [ app_init ] --START--
INFO: Run Behavior\BuildLiteBehavior [ RunTime:0.000047s ]
INFO: [ app_init ] --END-- [ RunTime:0.000665s ]
ERR: 无法加载模块:Static

[ 2018-07-15T19:39:22+08:00 ] ::1 /qyk/index.php/static/plugins/layui/css/layui.css
INFO: [ app_init ] --START--
INFO: Run Behavior\BuildLiteBehavior [ RunTime:0.000044s ]
INFO: [ app_init ] --END-- [ RunTime:0.000582s ]
ERR: 无法加载模块:Static

[ 2018-07-15T19:39:22+08:00 ] ::1 /qyk/index.php/static/images/pics-3.png
INFO: [ app_init ] --START--
INFO: Run Behavior\BuildLiteBehavior [ RunTime:0.000043s ]
INFO: [ app_init ] --END-- [ RunTime:0.000582s ]
ERR: 无法加载模块:Static

[ 2018-07-15T19:39:22+08:00 ] ::1 /qyk/index.php/static/images/password.png
INFO: [ app_init ] --START--
INFO: Run Behavior\BuildLiteBehavior [ RunTime:0.000059s ]
INFO: [ app_init ] --END-- [ RunTime:0.000724s ]
ERR: 无法加载模块:Static

[ 2018-07-15T19:39:22+08:00 ] ::1 /qyk/index.php/static/images/username.png
INFO: [ app_init ] --START--
INFO: Run Behavior\BuildLiteBehavior [ RunTime:0.000042s ]
INFO: [ app_init ] --END-- [ RunTime:0.000681s ]
ERR: 无法加载模块:Static

[ 2018-07-15T19:39:22+08:00 ] ::1 /qyk/index.php/static/js/login.js
INFO: [ app_init ] --START--
INFO: Run Behavior\BuildLiteBehavior [ RunTime:0.000044s ]
INFO: [ app_init ] --END-- [ RunTime:0.000588s ]
ERR: 无法加载模块:Static

[ 2018-07-15T19:45:09+08:00 ] ::1 /qyk/index.php/static/images/pics-2.png
INFO: [ app_init ] --START--
INFO: Run Behavior\BuildLiteBehavior [ RunTime:0.000046s ]
INFO: [ app_init ] --END-- [ RunTime:0.000643s ]
ERR: 无法加载模块:Static

[ 2018-07-15T19:45:09+08:00 ] ::1 /qyk/index.php/static/images/pics-3.png
INFO: [ app_init ] --START--
INFO: Run Behavior\BuildLiteBehavior [ RunTime:0.000045s ]
INFO: [ app_init ] --END-- [ RunTime:0.000604s ]
ERR: 无法加载模块:Static

[ 2018-07-15T19:45:09+08:00 ] ::1 /qyk/index.php/static/images/password.png
INFO: [ app_init ] --START--
INFO: Run Behavior\BuildLiteBehavior [ RunTime:0.000060s ]
INFO: [ app_init ] --END-- [ RunTime:0.000795s ]
ERR: 无法加载模块:Static

[ 2018-07-15T19:45:09+08:00 ] ::1 /qyk/index.php/static/images/pics-1.png
INFO: [ app_init ] --START--
INFO: Run Behavior\BuildLiteBehavior [ RunTime:0.000049s ]
INFO: [ app_init ] --END-- [ RunTime:0.000765s ]
ERR: 无法加载模块:Static

[ 2018-07-15T19:45:09+08:00 ] ::1 /qyk/index.php/static/images/username.png
INFO: [ app_init ] --START--
INFO: Run Behavior\BuildLiteBehavior [ RunTime:0.000051s ]
INFO: [ app_init ] --END-- [ RunTime:0.001407s ]
ERR: 无法加载模块:Static

[ 2018-07-15T19:45:51+08:00 ] ::1 /qyk/index.php/static/images/username.png
INFO: [ app_init ] --START--
INFO: Run Behavior\BuildLiteBehavior [ RunTime:0.000044s ]
INFO: [ app_init ] --END-- [ RunTime:0.000715s ]
ERR: 无法加载模块:Static

[ 2018-07-15T19:45:51+08:00 ] ::1 /qyk/index.php/static/images/password.png
INFO: [ app_init ] --START--
INFO: Run Behavior\BuildLiteBehavior [ RunTime:0.000044s ]
INFO: [ app_init ] --END-- [ RunTime:0.000711s ]
ERR: 无法加载模块:Static

[ 2018-07-15T19:46:04+08:00 ] ::1 /qyk/index.php/static/images/username.png
INFO: [ app_init ] --START--
INFO: Run Behavior\BuildLiteBehavior [ RunTime:0.000045s ]
INFO: [ app_init ] --END-- [ RunTime:0.000705s ]
ERR: 无法加载模块:Static

[ 2018-07-15T19:50:00+08:00 ] ::1 /qyk/index.php/static/js/cookie.js
INFO: [ app_init ] --START--
INFO: Run Behavior\BuildLiteBehavior [ RunTime:0.000025s ]
INFO: [ app_init ] --END-- [ RunTime:0.000372s ]
ERR: 无法加载模块:Static

[ 2018-07-15T19:50:03+08:00 ] ::1 /qyk/index.php/static/js/cookie.js
INFO: [ app_init ] --START--
INFO: Run Behavior\BuildLiteBehavior [ RunTime:0.000058s ]
INFO: [ app_init ] --END-- [ RunTime:0.000717s ]
ERR: 无法加载模块:Static

[ 2018-07-15T19:50:03+08:00 ] ::1 /qyk/index.php/static/js/cookie.js
INFO: [ app_init ] --START--
INFO: Run Behavior\BuildLiteBehavior [ RunTime:0.000152s ]
INFO: [ app_init ] --END-- [ RunTime:0.001766s ]
ERR: 无法加载模块:Static

[ 2018-07-15T19:50:04+08:00 ] ::1 /qyk/index.php/static/js/cookie.js
INFO: [ app_init ] --START--
INFO: Run Behavior\BuildLiteBehavior [ RunTime:0.000024s ]
INFO: [ app_init ] --END-- [ RunTime:0.000373s ]
ERR: 无法加载模块:Static

[ 2018-07-15T19:50:04+08:00 ] ::1 /qyk/index.php/static/js/cookie.js
INFO: [ app_init ] --START--
INFO: Run Behavior\BuildLiteBehavior [ RunTime:0.000041s ]
INFO: [ app_init ] --END-- [ RunTime:0.000592s ]
ERR: 无法加载模块:Static

[ 2018-07-15T19:50:04+08:00 ] ::1 /qyk/index.php/static/js/cookie.js
INFO: [ app_init ] --START--
INFO: Run Behavior\BuildLiteBehavior [ RunTime:0.000023s ]
INFO: [ app_init ] --END-- [ RunTime:0.000361s ]
ERR: 无法加载模块:Static

[ 2018-07-15T19:50:04+08:00 ] ::1 /qyk/index.php/static/js/cookie.js
INFO: [ app_init ] --START--
INFO: Run Behavior\BuildLiteBehavior [ RunTime:0.000026s ]
INFO: [ app_init ] --END-- [ RunTime:0.000389s ]
ERR: 无法加载模块:Static

[ 2018-07-15T19:50:04+08:00 ] ::1 /qyk/index.php/static/js/cookie.js
INFO: [ app_init ] --START--
INFO: Run Behavior\BuildLiteBehavior [ RunTime:0.000038s ]
INFO: [ app_init ] --END-- [ RunTime:0.000745s ]
ERR: 无法加载模块:Static

[ 2018-07-15T19:50:04+08:00 ] ::1 /qyk/index.php/static/js/cookie.js
INFO: [ app_init ] --START--
INFO: Run Behavior\BuildLiteBehavior [ RunTime:0.000024s ]
INFO: [ app_init ] --END-- [ RunTime:0.000373s ]
ERR: 无法加载模块:Static

[ 2018-07-15T19:50:39+08:00 ] ::1 /qyk/index.php/static/js/cookie.js
INFO: [ app_init ] --START--
INFO: Run Behavior\BuildLiteBehavior [ RunTime:0.000027s ]
INFO: [ app_init ] --END-- [ RunTime:0.000383s ]
ERR: 无法加载模块:Static

[ 2018-07-15T19:50:59+08:00 ] ::1 /qyk/index.php/static/js/cookie.js
INFO: [ app_init ] --START--
INFO: Run Behavior\BuildLiteBehavior [ RunTime:0.000025s ]
INFO: [ app_init ] --END-- [ RunTime:0.000422s ]
ERR: 无法加载模块:Static

[ 2018-07-15T19:50:59+08:00 ] ::1 /qyk/index.php/static/js/cookie.js
INFO: [ app_init ] --START--
INFO: Run Behavior\BuildLiteBehavior [ RunTime:0.000025s ]
INFO: [ app_init ] --END-- [ RunTime:0.000380s ]
ERR: 无法加载模块:Static

[ 2018-07-15T19:51:00+08:00 ] ::1 /qyk/index.php/static/js/cookie.js
INFO: [ app_init ] --START--
INFO: Run Behavior\BuildLiteBehavior [ RunTime:0.000026s ]
INFO: [ app_init ] --END-- [ RunTime:0.000410s ]
ERR: 无法加载模块:Static

[ 2018-07-15T19:51:41+08:00 ] ::1 /qyk/index.php/static/js/cookie.js
INFO: [ app_init ] --START--
INFO: Run Behavior\BuildLiteBehavior [ RunTime:0.000042s ]
INFO: [ app_init ] --END-- [ RunTime:0.000638s ]
ERR: 无法加载模块:Static

[ 2018-07-15T19:52:15+08:00 ] ::1 /qyk/index.php/static/js/cookie.js
INFO: [ app_init ] --START--
INFO: Run Behavior\BuildLiteBehavior [ RunTime:0.000060s ]
INFO: [ app_init ] --END-- [ RunTime:0.001161s ]
ERR: 无法加载模块:Static

[ 2018-07-15T19:53:06+08:00 ] ::1 /qyk/index.php/static/js/cookie.js
INFO: [ app_init ] --START--
INFO: Run Behavior\BuildLiteBehavior [ RunTime:0.000042s ]
INFO: [ app_init ] --END-- [ RunTime:0.000643s ]
ERR: 无法加载模块:Static

[ 2018-07-15T19:53:53+08:00 ] ::1 /qyk/index.php/static/js/cookie.js
INFO: [ app_init ] --START--
INFO: Run Behavior\BuildLiteBehavior [ RunTime:0.000028s ]
INFO: [ app_init ] --END-- [ RunTime:0.000448s ]
ERR: 无法加载模块:Static

[ 2018-07-15T19:56:54+08:00 ] ::1 /qyk/index.php/static/images/username-hover.png
INFO: [ app_init ] --START--
INFO: Run Behavior\BuildLiteBehavior [ RunTime:0.000049s ]
INFO: [ app_init ] --END-- [ RunTime:0.000758s ]
ERR: 无法加载模块:Static

[ 2018-07-15T19:56:54+08:00 ] ::1 /qyk/index.php/static/images/username.png
INFO: [ app_init ] --START--
INFO: Run Behavior\BuildLiteBehavior [ RunTime:0.000090s ]
INFO: [ app_init ] --END-- [ RunTime:0.001166s ]
ERR: 无法加载模块:Static

[ 2018-07-15T19:56:54+08:00 ] ::1 /qyk/index.php/static/images/password-hover.png
INFO: [ app_init ] --START--
INFO: Run Behavior\BuildLiteBehavior [ RunTime:0.000053s ]
INFO: [ app_init ] --END-- [ RunTime:0.001054s ]
ERR: 无法加载模块:Static

[ 2018-07-15T19:56:55+08:00 ] ::1 /qyk/index.php/static/images/password.png
INFO: [ app_init ] --START--
INFO: Run Behavior\BuildLiteBehavior [ RunTime:0.000057s ]
INFO: [ app_init ] --END-- [ RunTime:0.000730s ]
ERR: 无法加载模块:Static

[ 2018-07-15T19:56:55+08:00 ] ::1 /qyk/index.php/static/images/username-hover.png
INFO: [ app_init ] --START--
INFO: Run Behavior\BuildLiteBehavior [ RunTime:0.000039s ]
INFO: [ app_init ] --END-- [ RunTime:0.000811s ]
ERR: 无法加载模块:Static

[ 2018-07-15T19:56:55+08:00 ] ::1 /qyk/index.php/static/images/username.png
INFO: [ app_init ] --START--
INFO: Run Behavior\BuildLiteBehavior [ RunTime:0.000062s ]
INFO: [ app_init ] --END-- [ RunTime:0.000665s ]
ERR: 无法加载模块:Static

[ 2018-07-15T19:56:55+08:00 ] ::1 /qyk/index.php/static/images/password-hover.png
INFO: [ app_init ] --START--
INFO: Run Behavior\BuildLiteBehavior [ RunTime:0.000037s ]
INFO: [ app_init ] --END-- [ RunTime:0.000598s ]
ERR: 无法加载模块:Static

[ 2018-07-15T19:56:56+08:00 ] ::1 /qyk/index.php/static/images/password.png
INFO: [ app_init ] --START--
INFO: Run Behavior\BuildLiteBehavior [ RunTime:0.000042s ]
INFO: [ app_init ] --END-- [ RunTime:0.000577s ]
ERR: 无法加载模块:Static

[ 2018-07-15T19:57:12+08:00 ] ::1 /qyk/index.php/static/images/password-hover.png
INFO: [ app_init ] --START--
INFO: Run Behavior\BuildLiteBehavior [ RunTime:0.000028s ]
INFO: [ app_init ] --END-- [ RunTime:0.000542s ]
ERR: 无法加载模块:Static

[ 2018-07-15T19:57:14+08:00 ] ::1 /qyk/index.php/static/images/password.png
INFO: [ app_init ] --START--
INFO: Run Behavior\BuildLiteBehavior [ RunTime:0.000106s ]
INFO: [ app_init ] --END-- [ RunTime:0.001450s ]
ERR: 无法加载模块:Static

[ 2018-07-15T20:00:54+08:00 ] ::1 /qyk/index.php/static/images/password-hover.png
INFO: [ app_init ] --START--
INFO: Run Behavior\BuildLiteBehavior [ RunTime:0.000059s ]
INFO: [ app_init ] --END-- [ RunTime:0.001942s ]
ERR: 无法加载模块:Static

[ 2018-07-15T20:00:54+08:00 ] ::1 /qyk/index.php/static/images/password.png
INFO: [ app_init ] --START--
INFO: Run Behavior\BuildLiteBehavior [ RunTime:0.000053s ]
INFO: [ app_init ] --END-- [ RunTime:0.000816s ]
ERR: 无法加载模块:Static

